2014/12/17 15:59:08 INFO  - jmeter.util.JMeterUtils: Setting Locale to en_US 
2014/12/17 15:59:08 INFO  - jmeter.JMeter: Loading user properties from: /usr/local/Cellar/jmeter/2.12/libexec/bin/user.properties 
2014/12/17 15:59:08 INFO  - jmeter.JMeter: Loading system properties from: /usr/local/Cellar/jmeter/2.12/libexec/bin/system.properties 
2014/12/17 15:59:08 INFO  - jmeter.JMeter: Copyright (c) 1998-2014 The Apache Software Foundation 
2014/12/17 15:59:08 INFO  - jmeter.JMeter: Version 2.12 r1636949 
2014/12/17 15:59:08 INFO  - jmeter.JMeter: java.version=1.6.0_65 
2014/12/17 15:59:08 INFO  - jmeter.JMeter: java.vm.name=Java HotSpot(TM) 64-Bit Server VM 
2014/12/17 15:59:08 INFO  - jmeter.JMeter: os.name=Mac OS X 
2014/12/17 15:59:08 INFO  - jmeter.JMeter: os.arch=x86_64 
2014/12/17 15:59:08 INFO  - jmeter.JMeter: os.version=10.10.1 
2014/12/17 15:59:08 INFO  - jmeter.JMeter: file.encoding=MacRoman 
2014/12/17 15:59:08 INFO  - jmeter.JMeter: Default Locale=English (United States) 
2014/12/17 15:59:08 INFO  - jmeter.JMeter: JMeter  Locale=English (United States) 
2014/12/17 15:59:08 INFO  - jmeter.JMeter: JMeterHome=/usr/local/Cellar/jmeter/2.12/libexec 
2014/12/17 15:59:08 INFO  - jmeter.JMeter: user.dir  =/Users/faraaz/Developer/cgi/healthcare.gov/ratereview/urrsocratadataextraction/extract 
2014/12/17 15:59:08 INFO  - jmeter.JMeter: PWD       =/Users/faraaz/Developer/cgi/healthcare.gov/ratereview/urrsocratadataextraction/extract 
2014/12/17 15:59:08 INFO  - jmeter.JMeter: IP: 192.168.1.72 Name: FaraazRetina.attlocal.net FullName: faraazretina.attlocal.net 
2014/12/17 15:59:08 INFO  - jmeter.JMeter: Loaded icon properties from org/apache/jmeter/images/icon.properties 
2014/12/17 15:59:09 INFO  - jmeter.engine.util.CompoundVariable: Note: Function class names must contain the string: '.functions.' 
2014/12/17 15:59:09 INFO  - jmeter.engine.util.CompoundVariable: Note: Function class names must not contain the string: '.gui.' 
2014/12/17 15:59:10 INFO  - jmeter.gui.action.LookAndFeelCommand: Using look and feel: javax.swing.plaf.metal.MetalLookAndFeel [Metal, CrossPlatform] 
2014/12/17 15:59:10 INFO  - jmeter.util.BSFTestElement: Registering JMeter version of JavaScript engine as work-round for BSF-22 
2014/12/17 15:59:10 INFO  - jmeter.protocol.http.sampler.HTTPSamplerBase: Cannot find .className property for htmlParser, using default 
2014/12/17 15:59:10 INFO  - jmeter.protocol.http.sampler.HTTPSamplerBase: Parser for text/html is  
2014/12/17 15:59:10 INFO  - jmeter.protocol.http.sampler.HTTPSamplerBase: Parser for application/xhtml+xml is  
2014/12/17 15:59:10 INFO  - jmeter.protocol.http.sampler.HTTPSamplerBase: Parser for application/xml is  
2014/12/17 15:59:10 INFO  - jmeter.protocol.http.sampler.HTTPSamplerBase: Parser for text/xml is  
2014/12/17 15:59:10 INFO  - jmeter.protocol.http.sampler.HTTPSamplerBase: Parser for text/vnd.wap.wml is org.apache.jmeter.protocol.http.parser.RegexpHTMLParser 
2014/12/17 15:59:10 INFO  - jmeter.gui.util.MenuFactory: Skipping org.apache.jmeter.protocol.http.control.gui.WebServiceSamplerGui 
2014/12/17 15:59:10 INFO  - jmeter.gui.util.MenuFactory: Skipping org.apache.jmeter.protocol.http.modifier.gui.ParamModifierGui 
2014/12/17 15:59:11 INFO  - jorphan.exec.KeyToolUtils: keytool found at 'keytool' 
2014/12/17 15:59:11 WARN  - jmeter.protocol.http.proxy.ProxyControl: HTTP(S) Test Script Recorder SSL Proxy will use keys that may not work for embedded resources in file /usr/local/Cellar/jmeter/2.12/libexec/bin/proxyserver.jks 
2014/12/17 15:59:11 INFO  - jmeter.samplers.SampleResult: Note: Sample TimeStamps are START times 
2014/12/17 15:59:11 INFO  - jmeter.samplers.SampleResult: sampleresult.default.encoding is set to ISO-8859-1 
2014/12/17 15:59:11 INFO  - jmeter.samplers.SampleResult: sampleresult.useNanoTime=true 
2014/12/17 15:59:11 INFO  - jmeter.samplers.SampleResult: sampleresult.nanoThreadSleep=5000 
2014/12/17 15:59:36 INFO  - jmeter.services.FileServer: Default base='/Users/faraaz/Developer/cgi/healthcare.gov/ratereview/urrsocratadataextraction/extract' 
2014/12/17 15:59:36 INFO  - jmeter.services.FileServer: Set new base='/Users/faraaz/Developer/cgi/healthcare.gov/ratereview/urrsocratadataextraction/extract' 
2014/12/17 15:59:36 INFO  - jmeter.save.SaveService: Testplan (JMX) version: 2.2. Testlog (JTL) version: 2.2 
2014/12/17 15:59:36 INFO  - jmeter.save.SaveService: Using SaveService properties file encoding UTF-8 
2014/12/17 15:59:36 INFO  - jmeter.save.SaveService: Using SaveService properties version 2.7 
2014/12/17 15:59:36 INFO  - jmeter.save.SaveService: Using SaveService properties file version 1618048 
2014/12/17 15:59:36 INFO  - jmeter.save.SaveService: All converter versions present and correct 
